DEBUG:root:Order:2 3 10.0
DEBUG:root:Finish turn

DEBUG:root:Order:2 4 10.0
DEBUG:root:Finish turn

DEBUG:root:Order:2 19 15.0
DEBUG:root:Finish turn

DEBUG:root:Order:2 20 15.0
DEBUG:root:Order:2 4 37
DEBUG:root:Finish turn

DEBUG:root:Order:2 15 20.0
DEBUG:root:Bad order:4 3.0 8
DEBUG:root:Finish turn

DEBUG:root:Order:4 16 20.0
DEBUG:root:Order:2 4 3
DEBUG:root:Finish turn

DEBUG:root:Order:2 4 1
DEBUG:root:Finish turn

DEBUG:root:Order:4 0 26.0
DEBUG:root:Order:2 19 15
DEBUG:root:Order:2 4 7
DEBUG:root:Finish turn

DEBUG:root:Order:2 19 2
DEBUG:root:Order:2 4 1
DEBUG:root:Finish turn

DEBUG:root:Order:2 19 1
DEBUG:root:Order:2 4 2
DEBUG:root:Finish turn

DEBUG:root:Order:2 19 1
DEBUG:root:Finish turn

DEBUG:root:Order:2 15 10
DEBUG:root:Order:4 15 7
DEBUG:root:Order:19 15 4
DEBUG:root:Finish turn

DEBUG:root:Order:2 15 2
DEBUG:root:Order:2 19 1
DEBUG:root:Finish turn

DEBUG:root:Order:2 19 1
DEBUG:root:Order:2 4 2
DEBUG:root:Finish turn

DEBUG:root:Order:2 19 1
DEBUG:root:Finish turn

DEBUG:root:Order:2 19 2
DEBUG:root:Finish turn

DEBUG:root:Order:2 19 3
DEBUG:root:Order:2 4 1
DEBUG:root:Finish turn

DEBUG:root:Order:2 19 1
DEBUG:root:Order:2 4 1
DEBUG:root:Order:15 4 1
DEBUG:root:Finish turn

DEBUG:root:Order:2 19 1
DEBUG:root:Finish turn

DEBUG:root:Order:15 9 40.0
DEBUG:root:Order:2 15 12
DEBUG:root:Order:4 15 9
DEBUG:root:Order:19 15 6
DEBUG:root:Finish turn

DEBUG:root:Order:2 0 11
DEBUG:root:Order:4 0 8
DEBUG:root:Order:19 0 7
DEBUG:root:Order:15 0 6
DEBUG:root:Finish turn

DEBUG:root:Order:2 0 3
DEBUG:root:Order:15 0 1
DEBUG:root:Order:15 19 1
DEBUG:root:Finish turn

DEBUG:root:Order:2 0 2
DEBUG:root:Order:2 19 1
DEBUG:root:Finish turn

DEBUG:root:Order:2 0 1
DEBUG:root:Order:2 19 1
DEBUG:root:Order:2 4 2
DEBUG:root:Finish turn

DEBUG:root:Order:2 0 1
DEBUG:root:Order:2 19 1
DEBUG:root:Finish turn

DEBUG:root:Order:2 0 1
DEBUG:root:Order:15 0 1
DEBUG:root:Order:15 19 1
DEBUG:root:Finish turn

DEBUG:root:Order:2 19 11
DEBUG:root:Order:4 19 8
DEBUG:root:Order:15 19 8
DEBUG:root:Order:0 19 6
DEBUG:root:Finish turn

DEBUG:root:Order:2 19 3
DEBUG:root:Order:2 0 3
DEBUG:root:Order:15 0 1
DEBUG:root:Finish turn

DEBUG:root:Bad order:0 3.0 16
DEBUG:root:Order:15 4 15
DEBUG:root:Order:2 4 14
DEBUG:root:Order:19 4 12
DEBUG:root:Finish turn

DEBUG:root:Bad order:0 4.0 14
DEBUG:root:Order:2 4 2
DEBUG:root:Finish turn

DEBUG:root:Bad order:0 12.0 13
DEBUG:root:Order:2 4 3
DEBUG:root:Order:15 4 1
DEBUG:root:Finish turn

DEBUG:root:Order:19 10 40.0
DEBUG:root:Bad order:0 19.0 20
DEBUG:root:Order:2 19 11
DEBUG:root:Order:15 19 9
DEBUG:root:Finish turn

DEBUG:root:Order:4 5 46.0
DEBUG:root:Bad order:2 11.0 18
DEBUG:root:Bad order:15 9.0 16
DEBUG:root:Finish turn

DEBUG:root:Bad order:0 2.0 24
DEBUG:root:Order:2 4 14
DEBUG:root:Order:15 4 10
DEBUG:root:Finish turn

DEBUG:root:Order:0 4 9
DEBUG:root:Order:2 4 5
DEBUG:root:Bad order:2 2.0 6
DEBUG:root:Order:15 19 4
DEBUG:root:Finish turn

DEBUG:root:Bad order:2 7.0 12
DEBUG:root:Bad order:15 4.0 9
DEBUG:root:Order:0 9 7
DEBUG:root:Order:4 9 7
DEBUG:root:Order:19 9 3
DEBUG:root:Finish turn

DEBUG:root:Order:4 6 46.0
DEBUG:root:Bad order:2 12.0 21
DEBUG:root:Bad order:15 7.0 16
DEBUG:root:Bad order:5 1.0 10
DEBUG:root:Order:0 4 5
DEBUG:root:Order:19 4 5
DEBUG:root:Finish turn

DEBUG:root:Bad order:2 17.0 23
DEBUG:root:Bad order:15 10.0 16
DEBUG:root:Bad order:5 6.0 12
DEBUG:root:Finish turn

DEBUG:root:Bad order:2 22.0 25
DEBUG:root:Bad order:15 13.0 16
DEBUG:root:Bad order:5 11.0 14
DEBUG:root:Finish turn

DEBUG:root:Order:2 4 27
DEBUG:root:Order:5 4 5
DEBUG:root:Bad order:5 11.0 16
DEBUG:root:Order:15 9 16
DEBUG:root:Finish turn

DEBUG:root:Order:5 0 6
DEBUG:root:Order:5 19 6
DEBUG:root:Order:5 9 3
DEBUG:root:Bad order:5 1.0 14
DEBUG:root:Order:2 4 3
DEBUG:root:Order:15 4 1
DEBUG:root:Finish turn

DEBUG:root:Order:4 11 54.0
DEBUG:root:Bad order:2 7.0 10
DEBUG:root:Bad order:5 6.0 9
DEBUG:root:Bad order:15 5.0 8
DEBUG:root:Order:9 4 6
DEBUG:root:Order:0 4 5
DEBUG:root:Order:19 4 5
DEBUG:root:Finish turn

DEBUG:root:Order:2 4 12
DEBUG:root:Order:5 4 11
DEBUG:root:Order:15 4 5
DEBUG:root:Order:15 0 1
DEBUG:root:Order:15 19 1
DEBUG:root:Bad order:15 1.0 8
DEBUG:root:Finish turn

DEBUG:root:Order:2 0 2
DEBUG:root:Order:2 19 2
DEBUG:root:Order:2 4 1
DEBUG:root:Bad order:2 0.0 1
DEBUG:root:Finish turn

DEBUG:root:Order:5 0 2
DEBUG:root:Order:5 9 2
DEBUG:root:Order:5 19 2
DEBUG:root:Order:5 4 1
DEBUG:root:Finish turn

DEBUG:root:Order:2 11 3
DEBUG:root:Order:15 11 2
DEBUG:root:Order:15 0 3
DEBUG:root:Order:5 0 1
DEBUG:root:Finish turn

DEBUG:root:Order:2 19 2
DEBUG:root:Order:2 15 1
DEBUG:root:Order:2 4 2
DEBUG:root:Order:5 4 2
DEBUG:root:Order:0 4 1
DEBUG:root:Finish turn

DEBUG:root:Order:4 12 54.0
DEBUG:root:Order:5 4 9
DEBUG:root:Order:11 4 8
DEBUG:root:Order:2 4 6
DEBUG:root:Order:15 4 6
DEBUG:root:Order:9 4 5
DEBUG:root:Order:19 4 4
DEBUG:root:Finish turn

DEBUG:root:Order:2 4 2
DEBUG:root:Order:5 4 2
DEBUG:root:Order:11 4 1
DEBUG:root:Finish turn

DEBUG:root:Order:2 19 6
DEBUG:root:Order:5 19 6
DEBUG:root:Order:11 19 5
DEBUG:root:Order:15 19 4
DEBUG:root:Order:9 19 2
DEBUG:root:Order:4 19 1
DEBUG:root:Finish turn

DEBUG:root:Order:2 10 3
DEBUG:root:Order:5 10 3
DEBUG:root:Order:11 10 2
DEBUG:root:Order:11 19 2
DEBUG:root:Order:15 19 1
DEBUG:root:Finish turn

DEBUG:root:Order:2 10 5
DEBUG:root:Order:5 10 5
DEBUG:root:Order:15 10 3
DEBUG:root:Order:4 10 2
DEBUG:root:Order:9 10 2
DEBUG:root:Order:11 10 2
DEBUG:root:Finish turn

DEBUG:root:Order:4 13 62.0
DEBUG:root:Order:2 4 10
DEBUG:root:Order:5 4 10
DEBUG:root:Order:11 4 9
DEBUG:root:Order:15 4 8
DEBUG:root:Order:9 4 7
DEBUG:root:Order:19 4 6
DEBUG:root:Order:10 4 3
DEBUG:root:Finish turn

DEBUG:root:Bad order:2 10.0 13
DEBUG:root:Bad order:5 10.0 13
DEBUG:root:Bad order:11 9.0 12
DEBUG:root:Order:9 15 10
DEBUG:root:Bad order:10 4.0 10
DEBUG:root:Order:19 15 9
DEBUG:root:Finish turn

DEBUG:root:Bad order:2 15.0 18
DEBUG:root:Bad order:5 15.0 18
DEBUG:root:Bad order:10 6.0 12
DEBUG:root:Order:9 15 2
DEBUG:root:Order:19 15 1
DEBUG:root:Finish turn

DEBUG:root:Order:2 15 20
DEBUG:root:Order:5 15 20
DEBUG:root:Order:10 15 2
DEBUG:root:Bad order:10 6.0 8
DEBUG:root:Order:10 19 1
DEBUG:root:Bad order:10 5.0 11
DEBUG:root:Finish turn

DEBUG:root:Order:10 11 7
DEBUG:root:Bad order:10 0.0 2
DEBUG:root:Bad order:10 0.0 1
DEBUG:root:Bad order:10 0.0 7
DEBUG:root:Order:2 15 2
DEBUG:root:Order:5 15 2
DEBUG:root:Finish turn

DEBUG:root:Bad order:4 4.0 7
DEBUG:root:Bad order:4 4.0 5
DEBUG:root:Order:4 10 3
DEBUG:root:Bad order:4 1.0 14
DEBUG:root:Finish turn

DEBUG:root:Bad order:4 3.0 18
DEBUG:root:Order:2 9 9
DEBUG:root:Order:5 9 9
DEBUG:root:Order:15 9 8
DEBUG:root:Bad order:10 4.0 6
DEBUG:root:Finish turn

DEBUG:root:Bad order:10 6.0 13
DEBUG:root:Bad order:2 9.0 10
DEBUG:root:Bad order:5 9.0 10
DEBUG:root:Order:15 4 8
DEBUG:root:Order:19 4 4
DEBUG:root:Finish turn

DEBUG:root:Order:2 9 12
DEBUG:root:Order:5 9 6
DEBUG:root:Bad order:5 8.0 12
DEBUG:root:Bad order:10 8.0 12
DEBUG:root:Finish turn

DEBUG:root:Order:5 4 10
DEBUG:root:Order:2 4 4
DEBUG:root:Order:15 4 2
DEBUG:root:Order:15 19 1
DEBUG:root:Finish turn

DEBUG:root:Order:2 19 2
DEBUG:root:Order:2 4 1
DEBUG:root:Order:2 9 2
DEBUG:root:Order:5 9 2
DEBUG:root:Finish turn

DEBUG:root:Order:5 6 3
DEBUG:root:Order:9 6 3
DEBUG:root:Order:9 19 1
DEBUG:root:Order:9 4 3
DEBUG:root:Finish turn

DEBUG:root:Order:2 6 6
DEBUG:root:Order:5 6 6
DEBUG:root:Order:4 6 5
DEBUG:root:Order:15 6 4
DEBUG:root:Order:15 9 4
DEBUG:root:Order:19 9 1
DEBUG:root:Finish turn

DEBUG:root:Order:9 15 2
DEBUG:root:Order:2 15 1
DEBUG:root:Order:5 15 1
DEBUG:root:Order:5 19 1
DEBUG:root:Finish turn

DEBUG:root:Order:15 14 62.0
DEBUG:root:Order:6 15 15
DEBUG:root:Order:5 15 14
DEBUG:root:Order:9 15 12
DEBUG:root:Order:4 15 8
DEBUG:root:Order:4 2 10
DEBUG:root:Order:19 2 2
DEBUG:root:Finish turn

DEBUG:root:Order:19 4 5
DEBUG:root:Order:5 4 2
DEBUG:root:Order:6 4 1
DEBUG:root:Order:6 9 2
DEBUG:root:Order:2 9 1
DEBUG:root:Finish turn

DEBUG:root:Order:2 4 2
DEBUG:root:Order:2 19 2
DEBUG:root:Order:2 15 1
DEBUG:root:Finish turn

DEBUG:root:Order:5 19 2
DEBUG:root:Order:5 2 1
DEBUG:root:Order:5 4 1
DEBUG:root:Finish turn

DEBUG:root:Order:2 13 3
DEBUG:root:Order:5 13 3
DEBUG:root:Order:15 13 1
DEBUG:root:Finish turn

DEBUG:root:Order:2 13 10
DEBUG:root:Order:5 13 10
DEBUG:root:Order:15 13 8
DEBUG:root:Order:4 13 7
DEBUG:root:Order:9 13 6
DEBUG:root:Order:9 12 6
DEBUG:root:Finish turn

DEBUG:root:Order:19 12 4
DEBUG:root:Order:2 12 3
DEBUG:root:Order:5 12 3
DEBUG:root:Order:13 12 1
DEBUG:root:Order:13 9 2
DEBUG:root:Order:15 9 1
DEBUG:root:Finish turn

DEBUG:root:Order:2 19 6
DEBUG:root:Order:5 19 6
DEBUG:root:Order:12 19 4
DEBUG:root:Order:13 19 4
DEBUG:root:Order:15 19 4
DEBUG:root:Order:4 19 3
DEBUG:root:Order:9 19 1
DEBUG:root:Finish turn

DEBUG:root:Order:5 2 6
DEBUG:root:Order:13 2 5
DEBUG:root:Order:4 2 3
DEBUG:root:Order:9 2 3
DEBUG:root:Order:19 2 1
DEBUG:root:Finish turn

DEBUG:root:Order:5 2 2
DEBUG:root:Order:5 19 1
DEBUG:root:Order:5 4 2
DEBUG:root:Order:13 4 1
DEBUG:root:Finish turn

DEBUG:root:Order:4 19 1
DEBUG:root:Order:13 19 1
DEBUG:root:Order:13 9 1
DEBUG:root:Order:13 5 1
DEBUG:root:Finish turn

DEBUG:root:Order:4 7 64.0
DEBUG:root:Order:5 4 15
DEBUG:root:Order:13 4 12
DEBUG:root:Order:9 4 11
DEBUG:root:Order:19 4 10
DEBUG:root:Finish turn

DEBUG:root:Order:5 4 3
DEBUG:root:Order:13 4 1
DEBUG:root:Order:13 19 1
DEBUG:root:Finish turn

DEBUG:root:Order:5 14 3
DEBUG:root:Order:13 14 2
DEBUG:root:Order:13 19 2
DEBUG:root:Finish turn

DEBUG:root:Bad order:5 11.0 12
DEBUG:root:Order:4 14 9
DEBUG:root:Order:9 14 9
DEBUG:root:Bad order:13 7.0 9
DEBUG:root:Order:19 14 9
DEBUG:root:Finish turn

DEBUG:root:Order:5 14 16
DEBUG:root:Order:4 14 1
DEBUG:root:Finish turn

DEBUG:root:Order:5 19 1
DEBUG:root:Order:5 4 2
DEBUG:root:Finish turn

DEBUG:root:Order:5 19 1
DEBUG:root:Order:14 19 1
DEBUG:root:Finish turn

DEBUG:root:Order:5 19 2
DEBUG:root:Order:14 19 1
DEBUG:root:Finish turn

DEBUG:root:Order:5 19 1
DEBUG:root:Finish turn

DEBUG:root:Order:5 19 2
DEBUG:root:Order:14 19 1
DEBUG:root:Finish turn

DEBUG:root:Order:5 19 2
DEBUG:root:Order:14 19 1
DEBUG:root:Finish turn

DEBUG:root:Order:5 19 1
DEBUG:root:Finish turn

DEBUG:root:Order:14 5 18
DEBUG:root:Order:19 5 13
DEBUG:root:Finish turn

DEBUG:root:Order:5 19 1
DEBUG:root:Finish turn

DEBUG:root:Order:5 19 2
DEBUG:root:Order:14 19 1
DEBUG:root:Finish turn

DEBUG:root:Order:14 8 64.0
DEBUG:root:Order:5 14 23
DEBUG:root:Order:19 14 18
DEBUG:root:Finish turn

DEBUG:root:Finish turn

DEBUG:root:Finish turn

DEBUG:root:Finish turn

DEBUG:root:Finish turn

DEBUG:root:Finish turn

DEBUG:root:Finish turn

DEBUG:root:Finish turn

DEBUG:root:Finish turn

DEBUG:root:Finish turn

DEBUG:root:Finish turn

DEBUG:root:Finish turn

DEBUG:root:Finish turn

DEBUG:root:Finish turn

DEBUG:root:Finish turn

DEBUG:root:Finish turn

DEBUG:root:Finish turn

DEBUG:root:Finish turn

